d:\network\qnetworkmnist_forvideo\qnetworkmnist_forvideo\debug\qrc_mainwindow.obj
d:\network\qnetworkmnist_forvideo\qnetworkmnist_forvideo\debug\moc_mainwindow.obj
d:\network\qnetworkmnist_forvideo\qnetworkmnist_forvideo\debug\vc142.pdb
d:\network\qnetworkmnist_forvideo\qnetworkmnist_forvideo\debug\paintscene.obj
d:\network\qnetworkmnist_forvideo\qnetworkmnist_forvideo\debug\network.obj
d:\network\qnetworkmnist_forvideo\qnetworkmnist_forvideo\debug\activatefunction.obj
d:\network\qnetworkmnist_forvideo\qnetworkmnist_forvideo\debug\matrix.obj
d:\network\qnetworkmnist_forvideo\qnetworkmnist_forvideo\debug\main.obj
d:\network\qnetworkmnist_forvideo\qnetworkmnist_forvideo\debug\mainwindow.obj
d:\network\qnetworkmnist_forvideo\qnetworkmnist_forvideo\debug\moc_paintscene.obj
d:\network\qnetworkmnist_forvideo\debug\qnetworkmnist_forvideo.exe
d:\network\qnetworkmnist_forvideo\debug\qnetworkmnist_forvideo.ilk
d:\network\qnetworkmnist_forvideo\debug\qnetworkmnist_forvideo.pdb
d:\network\qnetworkmnist_forvideo\qnetworkmnist_forvideo\debug\moc\moc_mainwindow.cpp
d:\network\qnetworkmnist_forvideo\qnetworkmnist_forvideo\debug\moc\moc_paintscene.cpp
d:\network\qnetworkmnist_forvideo\qnetworkmnist_forvideo\debug\uic\ui_mainwindow.h
d:\network\qnetworkmnist_forvideo\qnetworkmnist_forvideo\debug\rcc\qrc_mainwindow.cpp
d:\network\qnetworkmnist_forvideo\qnetworkmnist_forvideo\debug\vcpkg.applocal.log
d:\network\qnetworkmnist_forvideo\qnetworkmnist_forvideo\debug\uic\ui_paintscene.h
d:\network\qnetworkmnist_forvideo\qnetworkmnist_forvideo\debug\qnetwork.3f2e2630.tlog\cl.command.1.tlog
d:\network\qnetworkmnist_forvideo\qnetworkmnist_forvideo\debug\qnetwork.3f2e2630.tlog\cl.read.1.tlog
d:\network\qnetworkmnist_forvideo\qnetworkmnist_forvideo\debug\qnetwork.3f2e2630.tlog\cl.write.1.tlog
d:\network\qnetworkmnist_forvideo\qnetworkmnist_forvideo\debug\qnetwork.3f2e2630.tlog\link.command.1.tlog
d:\network\qnetworkmnist_forvideo\qnetworkmnist_forvideo\debug\qnetwork.3f2e2630.tlog\link.read.1.tlog
d:\network\qnetworkmnist_forvideo\qnetworkmnist_forvideo\debug\qnetwork.3f2e2630.tlog\link.write.1.tlog
d:\network\qnetworkmnist_forvideo\qnetworkmnist_forvideo\debug\qnetwork.3f2e2630.tlog\moc.read.1u.tlog
d:\network\qnetworkmnist_forvideo\qnetworkmnist_forvideo\debug\qnetwork.3f2e2630.tlog\moc.write.1u.tlog
d:\network\qnetworkmnist_forvideo\qnetworkmnist_forvideo\debug\qnetwork.3f2e2630.tlog\qnetworkmnist_forvideo.write.1u.tlog
d:\network\qnetworkmnist_forvideo\qnetworkmnist_forvideo\debug\qnetwork.3f2e2630.tlog\rcc.read.1u.tlog
d:\network\qnetworkmnist_forvideo\qnetworkmnist_forvideo\debug\qnetwork.3f2e2630.tlog\rcc.write.1u.tlog
d:\network\qnetworkmnist_forvideo\qnetworkmnist_forvideo\debug\qnetwork.3f2e2630.tlog\uic.read.1u.tlog
d:\network\qnetworkmnist_forvideo\qnetworkmnist_forvideo\debug\qnetwork.3f2e2630.tlog\uic.write.1u.tlog
